<?xml version="1.0" encoding="UTF-8"?>
<!-- Generated by org.testng.reporters.JUnitReportReporter -->
<testsuite hostname="BSC-PG02TQLD" failures="0" tests="1" name="com.example.api.tests.EndToEndTest" time="30.464" errors="0" timestamp="2025-05-13T11:09:11 IST" skipped="0">
  <testcase classname="com.example.api.tests.EndToEndTest" name="runAllTests" time="30.464"/>
</testsuite> <!-- com.example.api.tests.EndToEndTest -->
