<?xml version="1.0" encoding="UTF-8"?>
<!-- Generated by org.testng.reporters.JUnitReportReporter -->
<testsuite hostname="BSC-PG02TQLD" failures="0" tests="1" name="com.example.api.tests.PatchObjectTest" time="0.914" errors="0" timestamp="2025-05-13T11:08:49 IST" skipped="0">
  <testcase classname="com.example.api.tests.PatchObjectTest" name="patchObject" time="0.914"/>
</testsuite> <!-- com.example.api.tests.PatchObjectTest -->
