<?xml version="1.0" encoding="UTF-8"?>
<!-- Generated by org.testng.reporters.JUnitReportReporter -->
<testsuite hostname="BSC-PG02TQLD" failures="0" tests="1" name="com.example.api.tests.CreateObjectTest" time="3.761" errors="0" timestamp="2025-05-13T11:08:49 IST" skipped="0">
  <testcase classname="com.example.api.tests.CreateObjectTest" name="createObject" time="3.761"/>
</testsuite> <!-- com.example.api.tests.CreateObjectTest -->
